TN:
SF:src/config/plugins/env.plugin.ts
FNF:0
FNH:0
DA:1,1
DA:2,1
DA:3,1
DA:4,1
DA:5,1
DA:6,1
DA:7,1
DA:8,1
DA:9,1
DA:10,1
DA:11,1
DA:12,1
DA:13,1
DA:14,1
DA:15,1
DA:16,1
DA:17,1
LF:17
LH:17
BRF:0
BRH:0
end_of_record
TN:
SF:src/presentation/email/email.service.ts
FN:16,EmailService
FN:25,sendEmail
FN:44,sendEmailWithFileSystemLogs
FN:80,oo_cm
FN:80,oo_oo
FN:80,oo_tr
FN:80,oo_tx
FN:80,oo_ts
FN:80,oo_te
FNF:9
FNH:9
FNDA:1,EmailService
FNDA:2,sendEmail
FNDA:1,sendEmailWithFileSystemLogs
FNDA:1,oo_cm
FNDA:1,oo_oo
FNDA:1,oo_tr
FNDA:1,oo_tx
FNDA:1,oo_ts
FNDA:1,oo_te
DA:1,1
DA:2,1
DA:3,1
DA:4,1
DA:5,1
DA:6,1
DA:7,1
DA:8,1
DA:9,1
DA:10,1
DA:11,1
DA:12,1
DA:13,1
DA:14,1
DA:15,1
DA:16,1
DA:17,1
DA:18,1
DA:19,1
DA:20,1
DA:21,1
DA:22,1
DA:23,1
DA:24,1
DA:25,1
DA:26,2
DA:27,2
DA:28,2
DA:29,2
DA:30,2
DA:31,2
DA:32,2
DA:33,2
DA:34,2
DA:35,2
DA:36,2
DA:37,2
DA:38,2
DA:39,2
DA:40,0
DA:41,0
DA:42,2
DA:43,1
DA:44,1
DA:45,1
DA:46,1
DA:47,1
DA:48,1
DA:49,1
DA:50,1
DA:51,1
DA:52,1
DA:53,1
DA:54,1
DA:55,1
DA:56,1
DA:57,1
DA:58,1
DA:59,1
DA:60,1
DA:61,1
DA:62,1
DA:63,1
DA:64,1
DA:65,1
DA:66,1
DA:67,1
DA:68,1
DA:69,1
DA:70,1
DA:71,1
DA:72,1
DA:73,1
DA:74,1
DA:75,1
DA:76,1
DA:77,1
DA:78,1
DA:79,1
DA:80,1
LF:80
LH:78
BRDA:16,0,0,1
BRDA:25,1,0,2
BRDA:39,2,0,0
BRDA:44,3,0,1
BRDA:80,4,0,1
BRDA:80,5,0,1
BRDA:80,6,0,1
BRDA:80,7,0,1
BRDA:80,8,0,1
BRF:9
BRH:8
end_of_record
