{"/home/efren/Workspace/Courses/Nodejs/fernando_herrera/07-RestWeb/src/config/envs.ts": {"path":"/home/efren/Workspace/Courses/Nodejs/fernando_herrera/07-RestWeb/src/config/envs.ts","all":false,"statementMap":{"0":{"start":{"line":1,"column":0},"end":{"line":1,"column":22}},"1":{"start":{"line":2,"column":0},"end":{"line":2,"column":29}},"2":{"start":{"line":3,"column":0},"end":{"line":3,"column":0}},"3":{"start":{"line":4,"column":0},"end":{"line":4,"column":21}},"4":{"start":{"line":5,"column":0},"end":{"line":5,"column":46}},"5":{"start":{"line":6,"column":0},"end":{"line":6,"column":62}},"6":{"start":{"line":7,"column":0},"end":{"line":7,"column":1}}},"s":{"0":1,"1":1,"2":1,"3":1,"4":1,"5":1,"6":1},"branchMap":{},"b":{},"fnMap":{},"f":{}}
,"/home/efren/Workspace/Courses/Nodejs/fernando_herrera/07-RestWeb/src/data/postgres/index.ts": {"path":"/home/efren/Workspace/Courses/Nodejs/fernando_herrera/07-RestWeb/src/data/postgres/index.ts","all":false,"statementMap":{"0":{"start":{"line":1,"column":0},"end":{"line":1,"column":46}},"1":{"start":{"line":2,"column":0},"end":{"line":2,"column":0}},"2":{"start":{"line":3,"column":0},"end":{"line":3,"column":38}}},"s":{"0":1,"1":1,"2":1},"branchMap":{},"b":{},"fnMap":{},"f":{}}
,"/home/efren/Workspace/Courses/Nodejs/fernando_herrera/07-RestWeb/src/domain/dtos/todos/create-todo.dto.ts": {"path":"/home/efren/Workspace/Courses/Nodejs/fernando_herrera/07-RestWeb/src/domain/dtos/todos/create-todo.dto.ts","all":false,"statementMap":{"0":{"start":{"line":1,"column":0},"end":{"line":1,"column":28}},"1":{"start":{"line":2,"column":0},"end":{"line":2,"column":54}},"2":{"start":{"line":3,"column":0},"end":{"line":3,"column":0}},"3":{"start":{"line":4,"column":0},"end":{"line":4,"column":81}},"4":{"start":{"line":5,"column":0},"end":{"line":5,"column":27}},"5":{"start":{"line":6,"column":0},"end":{"line":6,"column":0}},"6":{"start":{"line":7,"column":0},"end":{"line":7,"column":90}},"7":{"start":{"line":8,"column":0},"end":{"line":8,"column":0}},"8":{"start":{"line":9,"column":0},"end":{"line":9,"column":48}},"9":{"start":{"line":10,"column":0},"end":{"line":10,"column":3}},"10":{"start":{"line":11,"column":0},"end":{"line":11,"column":1}}},"s":{"0":1,"1":1,"2":1,"3":1,"4":3,"5":3,"6":3,"7":1,"8":1,"9":1,"10":1},"branchMap":{"0":{"type":"branch","line":2,"loc":{"start":{"line":2,"column":2},"end":{"line":2,"column":54}},"locations":[{"start":{"line":2,"column":2},"end":{"line":2,"column":54}}]},"1":{"type":"branch","line":4,"loc":{"start":{"line":4,"column":16},"end":{"line":10,"column":3}},"locations":[{"start":{"line":4,"column":16},"end":{"line":10,"column":3}}]},"2":{"type":"branch","line":7,"loc":{"start":{"line":7,"column":12},"end":{"line":7,"column":40}},"locations":[{"start":{"line":7,"column":12},"end":{"line":7,"column":40}}]},"3":{"type":"branch","line":7,"loc":{"start":{"line":7,"column":42},"end":{"line":7,"column":90}},"locations":[{"start":{"line":7,"column":42},"end":{"line":7,"column":90}}]},"4":{"type":"branch","line":8,"loc":{"start":{"line":8,"column":-1},"end":{"line":10,"column":3}},"locations":[{"start":{"line":8,"column":-1},"end":{"line":10,"column":3}}]}},"b":{"0":[1],"1":[3],"2":[1],"3":[2],"4":[1]},"fnMap":{"0":{"name":"CreateTodoDto","decl":{"start":{"line":2,"column":2},"end":{"line":2,"column":54}},"loc":{"start":{"line":2,"column":2},"end":{"line":2,"column":54}},"line":2},"1":{"name":"create","decl":{"start":{"line":4,"column":16},"end":{"line":10,"column":3}},"loc":{"start":{"line":4,"column":16},"end":{"line":10,"column":3}},"line":4}},"f":{"0":1,"1":3}}
,"/home/efren/Workspace/Courses/Nodejs/fernando_herrera/07-RestWeb/src/domain/dtos/todos/update-todo.dto.ts": {"path":"/home/efren/Workspace/Courses/Nodejs/fernando_herrera/07-RestWeb/src/domain/dtos/todos/update-todo.dto.ts","all":false,"statementMap":{"0":{"start":{"line":1,"column":0},"end":{"line":1,"column":28}},"1":{"start":{"line":2,"column":0},"end":{"line":2,"column":22}},"2":{"start":{"line":3,"column":0},"end":{"line":3,"column":31}},"3":{"start":{"line":4,"column":0},"end":{"line":4,"column":33}},"4":{"start":{"line":5,"column":0},"end":{"line":5,"column":38}},"5":{"start":{"line":6,"column":0},"end":{"line":6,"column":5}},"6":{"start":{"line":7,"column":0},"end":{"line":7,"column":0}},"7":{"start":{"line":8,"column":0},"end":{"line":8,"column":16}},"8":{"start":{"line":9,"column":0},"end":{"line":9,"column":48}},"9":{"start":{"line":10,"column":0},"end":{"line":10,"column":0}},"10":{"start":{"line":11,"column":0},"end":{"line":11,"column":45}},"11":{"start":{"line":12,"column":0},"end":{"line":12,"column":60}},"12":{"start":{"line":13,"column":0},"end":{"line":13,"column":0}},"13":{"start":{"line":14,"column":0},"end":{"line":14,"column":21}},"14":{"start":{"line":15,"column":0},"end":{"line":15,"column":3}},"15":{"start":{"line":16,"column":0},"end":{"line":16,"column":0}},"16":{"start":{"line":17,"column":0},"end":{"line":17,"column":81}},"17":{"start":{"line":18,"column":0},"end":{"line":18,"column":42}},"18":{"start":{"line":19,"column":0},"end":{"line":19,"column":29}},"19":{"start":{"line":20,"column":0},"end":{"line":20,"column":4}},"20":{"start":{"line":21,"column":0},"end":{"line":21,"column":67}},"21":{"start":{"line":22,"column":0},"end":{"line":22,"column":0}},"22":{"start":{"line":23,"column":0},"end":{"line":23,"column":66}},"23":{"start":{"line":24,"column":0},"end":{"line":24,"column":3}},"24":{"start":{"line":25,"column":0},"end":{"line":25,"column":1}}},"s":{"0":1,"1":1,"2":3,"3":3,"4":3,"5":3,"6":1,"7":1,"8":2,"9":2,"10":2,"11":2,"12":2,"13":2,"14":2,"15":1,"16":1,"17":3,"18":3,"19":3,"20":3,"21":3,"22":3,"23":3,"24":1},"branchMap":{"0":{"type":"branch","line":2,"loc":{"start":{"line":2,"column":2},"end":{"line":6,"column":5}},"locations":[{"start":{"line":2,"column":2},"end":{"line":6,"column":5}}]},"1":{"type":"branch","line":8,"loc":{"start":{"line":8,"column":2},"end":{"line":15,"column":3}},"locations":[{"start":{"line":8,"column":2},"end":{"line":15,"column":3}}]},"2":{"type":"branch","line":11,"loc":{"start":{"line":11,"column":18},"end":{"line":11,"column":45}},"locations":[{"start":{"line":11,"column":18},"end":{"line":11,"column":45}}]},"3":{"type":"branch","line":12,"loc":{"start":{"line":12,"column":23},"end":{"line":12,"column":60}},"locations":[{"start":{"line":12,"column":23},"end":{"line":12,"column":60}}]},"4":{"type":"branch","line":17,"loc":{"start":{"line":17,"column":16},"end":{"line":24,"column":3}},"locations":[{"start":{"line":17,"column":16},"end":{"line":24,"column":3}}]},"5":{"type":"branch","line":21,"loc":{"start":{"line":21,"column":18},"end":{"line":21,"column":67}},"locations":[{"start":{"line":21,"column":18},"end":{"line":21,"column":67}}]},"6":{"type":"branch","line":21,"loc":{"start":{"line":21,"column":59},"end":{"line":21,"column":66}},"locations":[{"start":{"line":21,"column":59},"end":{"line":21,"column":66}}]}},"b":{"0":[3],"1":[2],"2":[1],"3":[1],"4":[3],"5":[1],"6":[0]},"fnMap":{"0":{"name":"UpdateTodoDto","decl":{"start":{"line":2,"column":2},"end":{"line":6,"column":5}},"loc":{"start":{"line":2,"column":2},"end":{"line":6,"column":5}},"line":2},"1":{"name":"get values","decl":{"start":{"line":8,"column":2},"end":{"line":15,"column":3}},"loc":{"start":{"line":8,"column":2},"end":{"line":15,"column":3}},"line":8},"2":{"name":"create","decl":{"start":{"line":17,"column":16},"end":{"line":24,"column":3}},"loc":{"start":{"line":17,"column":16},"end":{"line":24,"column":3}},"line":17}},"f":{"0":3,"1":2,"2":3}}
,"/home/efren/Workspace/Courses/Nodejs/fernando_herrera/07-RestWeb/src/domain/errors/custom.error.ts": {"path":"/home/efren/Workspace/Courses/Nodejs/fernando_herrera/07-RestWeb/src/domain/errors/custom.error.ts","all":false,"statementMap":{"0":{"start":{"line":1,"column":0},"end":{"line":1,"column":48}},"1":{"start":{"line":2,"column":0},"end":{"line":2,"column":14}},"2":{"start":{"line":3,"column":0},"end":{"line":3,"column":36}},"3":{"start":{"line":4,"column":0},"end":{"line":4,"column":44}},"4":{"start":{"line":5,"column":0},"end":{"line":5,"column":0}},"5":{"start":{"line":6,"column":0},"end":{"line":6,"column":5}},"6":{"start":{"line":7,"column":0},"end":{"line":7,"column":19}},"7":{"start":{"line":8,"column":0},"end":{"line":8,"column":3}},"8":{"start":{"line":9,"column":0},"end":{"line":9,"column":1}}},"s":{"0":1,"1":1,"2":3,"3":3,"4":3,"5":3,"6":3,"7":3,"8":1},"branchMap":{"0":{"type":"branch","line":2,"loc":{"start":{"line":2,"column":2},"end":{"line":8,"column":3}},"locations":[{"start":{"line":2,"column":2},"end":{"line":8,"column":3}}]}},"b":{"0":[3]},"fnMap":{"0":{"name":"CustomError","decl":{"start":{"line":2,"column":2},"end":{"line":8,"column":3}},"loc":{"start":{"line":2,"column":2},"end":{"line":8,"column":3}},"line":2}},"f":{"0":3}}
,"/home/efren/Workspace/Courses/Nodejs/fernando_herrera/07-RestWeb/src/infrastructure/datasource/todo.datasource.impl.ts": {"path":"/home/efren/Workspace/Courses/Nodejs/fernando_herrera/07-RestWeb/src/infrastructure/datasource/todo.datasource.impl.ts","all":false,"statementMap":{"0":{"start":{"line":1,"column":0},"end":{"line":1,"column":45}},"1":{"start":{"line":2,"column":0},"end":{"line":2,"column":74}},"2":{"start":{"line":3,"column":0},"end":{"line":3,"column":72}},"3":{"start":{"line":4,"column":0},"end":{"line":4,"column":72}},"4":{"start":{"line":5,"column":0},"end":{"line":5,"column":63}},"5":{"start":{"line":6,"column":0},"end":{"line":6,"column":60}},"6":{"start":{"line":7,"column":0},"end":{"line":7,"column":0}},"7":{"start":{"line":8,"column":0},"end":{"line":8,"column":59}},"8":{"start":{"line":9,"column":0},"end":{"line":9,"column":68}},"9":{"start":{"line":10,"column":0},"end":{"line":10,"column":45}},"10":{"start":{"line":11,"column":0},"end":{"line":11,"column":29}},"11":{"start":{"line":12,"column":0},"end":{"line":12,"column":8}},"12":{"start":{"line":13,"column":0},"end":{"line":13,"column":0}},"13":{"start":{"line":14,"column":0},"end":{"line":14,"column":40}},"14":{"start":{"line":15,"column":0},"end":{"line":15,"column":4}},"15":{"start":{"line":16,"column":0},"end":{"line":16,"column":0}},"16":{"start":{"line":17,"column":0},"end":{"line":17,"column":42}},"17":{"start":{"line":18,"column":0},"end":{"line":18,"column":49}},"18":{"start":{"line":19,"column":0},"end":{"line":19,"column":0}},"19":{"start":{"line":20,"column":0},"end":{"line":20,"column":60}},"20":{"start":{"line":21,"column":0},"end":{"line":21,"column":4}},"21":{"start":{"line":22,"column":0},"end":{"line":22,"column":0}},"22":{"start":{"line":23,"column":0},"end":{"line":23,"column":52}},"23":{"start":{"line":24,"column":0},"end":{"line":24,"column":49}},"24":{"start":{"line":25,"column":0},"end":{"line":25,"column":14}},"25":{"start":{"line":26,"column":0},"end":{"line":26,"column":12}},"26":{"start":{"line":27,"column":0},"end":{"line":27,"column":8}},"27":{"start":{"line":28,"column":0},"end":{"line":28,"column":9}},"28":{"start":{"line":29,"column":0},"end":{"line":29,"column":0}},"29":{"start":{"line":30,"column":0},"end":{"line":30,"column":70}},"30":{"start":{"line":31,"column":0},"end":{"line":31,"column":0}},"31":{"start":{"line":32,"column":0},"end":{"line":32,"column":41}},"32":{"start":{"line":33,"column":0},"end":{"line":33,"column":4}},"33":{"start":{"line":34,"column":0},"end":{"line":34,"column":0}},"34":{"start":{"line":35,"column":0},"end":{"line":35,"column":72}},"35":{"start":{"line":36,"column":0},"end":{"line":36,"column":43}},"36":{"start":{"line":37,"column":0},"end":{"line":37,"column":0}},"37":{"start":{"line":38,"column":0},"end":{"line":38,"column":34}},"38":{"start":{"line":39,"column":0},"end":{"line":39,"column":0}},"39":{"start":{"line":40,"column":0},"end":{"line":40,"column":52}},"40":{"start":{"line":41,"column":0},"end":{"line":41,"column":21}},"41":{"start":{"line":42,"column":0},"end":{"line":42,"column":36}},"42":{"start":{"line":43,"column":0},"end":{"line":43,"column":8}},"43":{"start":{"line":44,"column":0},"end":{"line":44,"column":0}},"44":{"start":{"line":45,"column":0},"end":{"line":45,"column":47}},"45":{"start":{"line":46,"column":0},"end":{"line":46,"column":4}},"46":{"start":{"line":47,"column":0},"end":{"line":47,"column":0}},"47":{"start":{"line":48,"column":0},"end":{"line":48,"column":54}},"48":{"start":{"line":49,"column":0},"end":{"line":49,"column":29}},"49":{"start":{"line":50,"column":0},"end":{"line":50,"column":0}},"50":{"start":{"line":51,"column":0},"end":{"line":51,"column":52}},"51":{"start":{"line":52,"column":0},"end":{"line":52,"column":20}},"52":{"start":{"line":53,"column":0},"end":{"line":53,"column":8}},"53":{"start":{"line":54,"column":0},"end":{"line":54,"column":0}},"54":{"start":{"line":55,"column":0},"end":{"line":55,"column":47}},"55":{"start":{"line":56,"column":0},"end":{"line":56,"column":4}},"56":{"start":{"line":57,"column":0},"end":{"line":57,"column":1}}},"s":{"0":1,"1":1,"2":1,"3":1,"4":1,"5":1,"6":1,"7":1,"8":1,"9":1,"10":1,"11":1,"12":1,"13":1,"14":1,"15":1,"16":1,"17":1,"18":1,"19":1,"20":1,"21":1,"22":1,"23":7,"24":7,"25":7,"26":7,"27":7,"28":7,"29":7,"30":4,"31":4,"32":4,"33":1,"34":1,"35":3,"36":2,"37":2,"38":2,"39":2,"40":2,"41":2,"42":2,"43":2,"44":2,"45":2,"46":1,"47":1,"48":2,"49":1,"50":1,"51":1,"52":1,"53":1,"54":1,"55":1,"56":1},"branchMap":{"0":{"type":"branch","line":9,"loc":{"start":{"line":9,"column":9},"end":{"line":15,"column":4}},"locations":[{"start":{"line":9,"column":9},"end":{"line":15,"column":4}}]},"1":{"type":"branch","line":17,"loc":{"start":{"line":17,"column":9},"end":{"line":21,"column":4}},"locations":[{"start":{"line":17,"column":9},"end":{"line":21,"column":4}}]},"2":{"type":"branch","line":20,"loc":{"start":{"line":20,"column":23},"end":{"line":20,"column":58}},"locations":[{"start":{"line":20,"column":23},"end":{"line":20,"column":58}}]},"3":{"type":"branch","line":23,"loc":{"start":{"line":23,"column":9},"end":{"line":33,"column":4}},"locations":[{"start":{"line":23,"column":9},"end":{"line":33,"column":4}}]},"4":{"type":"branch","line":30,"loc":{"start":{"line":30,"column":16},"end":{"line":30,"column":70}},"locations":[{"start":{"line":30,"column":16},"end":{"line":30,"column":70}}]},"5":{"type":"branch","line":31,"loc":{"start":{"line":31,"column":-1},"end":{"line":33,"column":4}},"locations":[{"start":{"line":31,"column":-1},"end":{"line":33,"column":4}}]},"6":{"type":"branch","line":35,"loc":{"start":{"line":35,"column":9},"end":{"line":46,"column":4}},"locations":[{"start":{"line":35,"column":9},"end":{"line":46,"column":4}}]},"7":{"type":"branch","line":37,"loc":{"start":{"line":37,"column":-1},"end":{"line":46,"column":4}},"locations":[{"start":{"line":37,"column":-1},"end":{"line":46,"column":4}}]},"8":{"type":"branch","line":48,"loc":{"start":{"line":48,"column":9},"end":{"line":56,"column":4}},"locations":[{"start":{"line":48,"column":9},"end":{"line":56,"column":4}}]},"9":{"type":"branch","line":50,"loc":{"start":{"line":50,"column":-1},"end":{"line":56,"column":4}},"locations":[{"start":{"line":50,"column":-1},"end":{"line":56,"column":4}}]}},"b":{"0":[1],"1":[1],"2":[2],"3":[7],"4":[3],"5":[4],"6":[3],"7":[2],"8":[2],"9":[1]},"fnMap":{"0":{"name":"create","decl":{"start":{"line":9,"column":9},"end":{"line":15,"column":4}},"loc":{"start":{"line":9,"column":9},"end":{"line":15,"column":4}},"line":9},"1":{"name":"getAll","decl":{"start":{"line":17,"column":9},"end":{"line":21,"column":4}},"loc":{"start":{"line":17,"column":9},"end":{"line":21,"column":4}},"line":17},"2":{"name":"findById","decl":{"start":{"line":23,"column":9},"end":{"line":33,"column":4}},"loc":{"start":{"line":23,"column":9},"end":{"line":33,"column":4}},"line":23},"3":{"name":"updateById","decl":{"start":{"line":35,"column":9},"end":{"line":46,"column":4}},"loc":{"start":{"line":35,"column":9},"end":{"line":46,"column":4}},"line":35},"4":{"name":"deleteById","decl":{"start":{"line":48,"column":9},"end":{"line":56,"column":4}},"loc":{"start":{"line":48,"column":9},"end":{"line":56,"column":4}},"line":48}},"f":{"0":1,"1":1,"2":7,"3":3,"4":2}}
,"/home/efren/Workspace/Courses/Nodejs/fernando_herrera/07-RestWeb/src/infrastructure/repositories/todo.repository.impl.ts": {"path":"/home/efren/Workspace/Courses/Nodejs/fernando_herrera/07-RestWeb/src/infrastructure/repositories/todo.repository.impl.ts","all":false,"statementMap":{"0":{"start":{"line":1,"column":0},"end":{"line":1,"column":72}},"1":{"start":{"line":2,"column":0},"end":{"line":2,"column":72}},"2":{"start":{"line":3,"column":0},"end":{"line":3,"column":63}},"3":{"start":{"line":4,"column":0},"end":{"line":4,"column":75}},"4":{"start":{"line":5,"column":0},"end":{"line":5,"column":74}},"5":{"start":{"line":6,"column":0},"end":{"line":6,"column":0}},"6":{"start":{"line":7,"column":0},"end":{"line":7,"column":0}},"7":{"start":{"line":8,"column":0},"end":{"line":8,"column":59}},"8":{"start":{"line":9,"column":0},"end":{"line":9,"column":14}},"9":{"start":{"line":10,"column":0},"end":{"line":10,"column":47}},"10":{"start":{"line":11,"column":0},"end":{"line":11,"column":5}},"11":{"start":{"line":12,"column":0},"end":{"line":12,"column":0}},"12":{"start":{"line":13,"column":0},"end":{"line":13,"column":61}},"13":{"start":{"line":14,"column":0},"end":{"line":14,"column":48}},"14":{"start":{"line":15,"column":0},"end":{"line":15,"column":3}},"15":{"start":{"line":16,"column":0},"end":{"line":16,"column":0}},"16":{"start":{"line":17,"column":0},"end":{"line":17,"column":35}},"17":{"start":{"line":18,"column":0},"end":{"line":18,"column":35}},"18":{"start":{"line":19,"column":0},"end":{"line":19,"column":3}},"19":{"start":{"line":20,"column":0},"end":{"line":20,"column":0}},"20":{"start":{"line":21,"column":0},"end":{"line":21,"column":45}},"21":{"start":{"line":22,"column":0},"end":{"line":22,"column":39}},"22":{"start":{"line":23,"column":0},"end":{"line":23,"column":3}},"23":{"start":{"line":24,"column":0},"end":{"line":24,"column":0}},"24":{"start":{"line":25,"column":0},"end":{"line":25,"column":65}},"25":{"start":{"line":26,"column":0},"end":{"line":26,"column":52}},"26":{"start":{"line":27,"column":0},"end":{"line":27,"column":3}},"27":{"start":{"line":28,"column":0},"end":{"line":28,"column":0}},"28":{"start":{"line":29,"column":0},"end":{"line":29,"column":47}},"29":{"start":{"line":30,"column":0},"end":{"line":30,"column":41}},"30":{"start":{"line":31,"column":0},"end":{"line":31,"column":3}},"31":{"start":{"line":32,"column":0},"end":{"line":32,"column":1}}},"s":{"0":1,"1":1,"2":1,"3":1,"4":1,"5":1,"6":1,"7":1,"8":1,"9":1,"10":1,"11":1,"12":1,"13":1,"14":1,"15":1,"16":1,"17":1,"18":1,"19":1,"20":1,"21":2,"22":2,"23":1,"24":1,"25":3,"26":3,"27":1,"28":1,"29":2,"30":2,"31":1},"branchMap":{"0":{"type":"branch","line":9,"loc":{"start":{"line":9,"column":2},"end":{"line":11,"column":5}},"locations":[{"start":{"line":9,"column":2},"end":{"line":11,"column":5}}]},"1":{"type":"branch","line":13,"loc":{"start":{"line":13,"column":2},"end":{"line":15,"column":3}},"locations":[{"start":{"line":13,"column":2},"end":{"line":15,"column":3}}]},"2":{"type":"branch","line":17,"loc":{"start":{"line":17,"column":2},"end":{"line":19,"column":3}},"locations":[{"start":{"line":17,"column":2},"end":{"line":19,"column":3}}]},"3":{"type":"branch","line":21,"loc":{"start":{"line":21,"column":2},"end":{"line":23,"column":3}},"locations":[{"start":{"line":21,"column":2},"end":{"line":23,"column":3}}]},"4":{"type":"branch","line":25,"loc":{"start":{"line":25,"column":2},"end":{"line":27,"column":3}},"locations":[{"start":{"line":25,"column":2},"end":{"line":27,"column":3}}]},"5":{"type":"branch","line":29,"loc":{"start":{"line":29,"column":2},"end":{"line":31,"column":3}},"locations":[{"start":{"line":29,"column":2},"end":{"line":31,"column":3}}]}},"b":{"0":[1],"1":[1],"2":[1],"3":[2],"4":[3],"5":[2]},"fnMap":{"0":{"name":"TodoRepositoryImpl","decl":{"start":{"line":9,"column":2},"end":{"line":11,"column":5}},"loc":{"start":{"line":9,"column":2},"end":{"line":11,"column":5}},"line":9},"1":{"name":"create","decl":{"start":{"line":13,"column":2},"end":{"line":15,"column":3}},"loc":{"start":{"line":13,"column":2},"end":{"line":15,"column":3}},"line":13},"2":{"name":"getAll","decl":{"start":{"line":17,"column":2},"end":{"line":19,"column":3}},"loc":{"start":{"line":17,"column":2},"end":{"line":19,"column":3}},"line":17},"3":{"name":"findById","decl":{"start":{"line":21,"column":2},"end":{"line":23,"column":3}},"loc":{"start":{"line":21,"column":2},"end":{"line":23,"column":3}},"line":21},"4":{"name":"updateById","decl":{"start":{"line":25,"column":2},"end":{"line":27,"column":3}},"loc":{"start":{"line":25,"column":2},"end":{"line":27,"column":3}},"line":25},"5":{"name":"deleteById","decl":{"start":{"line":29,"column":2},"end":{"line":31,"column":3}},"loc":{"start":{"line":29,"column":2},"end":{"line":31,"column":3}},"line":29}},"f":{"0":1,"1":1,"2":1,"3":2,"4":3,"5":2}}
,"/home/efren/Workspace/Courses/Nodejs/fernando_herrera/07-RestWeb/src/presentation/server.ts": {"path":"/home/efren/Workspace/Courses/Nodejs/fernando_herrera/07-RestWeb/src/presentation/server.ts","all":false,"statementMap":{"0":{"start":{"line":1,"column":0},"end":{"line":1,"column":41}},"1":{"start":{"line":2,"column":0},"end":{"line":2,"column":28}},"2":{"start":{"line":3,"column":0},"end":{"line":3,"column":0}},"3":{"start":{"line":4,"column":0},"end":{"line":4,"column":19}},"4":{"start":{"line":5,"column":0},"end":{"line":5,"column":14}},"5":{"start":{"line":6,"column":0},"end":{"line":6,"column":21}},"6":{"start":{"line":7,"column":0},"end":{"line":7,"column":16}},"7":{"start":{"line":8,"column":0},"end":{"line":8,"column":1}},"8":{"start":{"line":9,"column":0},"end":{"line":9,"column":0}},"9":{"start":{"line":10,"column":0},"end":{"line":10,"column":21}},"10":{"start":{"line":11,"column":0},"end":{"line":11,"column":33}},"11":{"start":{"line":12,"column":0},"end":{"line":12,"column":61}},"12":{"start":{"line":13,"column":0},"end":{"line":13,"column":33}},"13":{"start":{"line":14,"column":0},"end":{"line":14,"column":31}},"14":{"start":{"line":15,"column":0},"end":{"line":15,"column":37}},"15":{"start":{"line":16,"column":0},"end":{"line":16,"column":0}},"16":{"start":{"line":17,"column":0},"end":{"line":17,"column":33}},"17":{"start":{"line":18,"column":0},"end":{"line":18,"column":59}},"18":{"start":{"line":19,"column":0},"end":{"line":19,"column":0}},"19":{"start":{"line":20,"column":0},"end":{"line":20,"column":20}},"20":{"start":{"line":21,"column":0},"end":{"line":21,"column":32}},"21":{"start":{"line":22,"column":0},"end":{"line":22,"column":24}},"22":{"start":{"line":23,"column":0},"end":{"line":23,"column":3}},"23":{"start":{"line":24,"column":0},"end":{"line":24,"column":2}},"24":{"start":{"line":25,"column":0},"end":{"line":25,"column":17}},"25":{"start":{"line":26,"column":0},"end":{"line":26,"column":4}},"26":{"start":{"line":27,"column":0},"end":{"line":27,"column":19}},"27":{"start":{"line":28,"column":0},"end":{"line":28,"column":65}},"28":{"start":{"line":29,"column":0},"end":{"line":29,"column":99}},"29":{"start":{"line":30,"column":0},"end":{"line":30,"column":0}},"30":{"start":{"line":31,"column":0},"end":{"line":31,"column":20}},"31":{"start":{"line":32,"column":0},"end":{"line":32,"column":49}},"32":{"start":{"line":33,"column":0},"end":{"line":33,"column":2}},"33":{"start":{"line":34,"column":0},"end":{"line":34,"column":14}},"34":{"start":{"line":35,"column":0},"end":{"line":35,"column":29}},"35":{"start":{"line":36,"column":0},"end":{"line":36,"column":4}},"36":{"start":{"line":37,"column":0},"end":{"line":37,"column":11}},"37":{"start":{"line":38,"column":0},"end":{"line":38,"column":38}},"38":{"start":{"line":39,"column":0},"end":{"line":39,"column":83}},"39":{"start":{"line":40,"column":0},"end":{"line":40,"column":29}},"40":{"start":{"line":41,"column":0},"end":{"line":41,"column":6}},"41":{"start":{"line":42,"column":0},"end":{"line":42,"column":0}},"42":{"start":{"line":43,"column":0},"end":{"line":43,"column":60}},"43":{"start":{"line":44,"column":0},"end":{"line":44,"column":60}},"44":{"start":{"line":45,"column":0},"end":{"line":45,"column":6}},"45":{"start":{"line":46,"column":0},"end":{"line":46,"column":3}},"46":{"start":{"line":47,"column":0},"end":{"line":47,"column":0}},"47":{"start":{"line":48,"column":0},"end":{"line":48,"column":25}},"48":{"start":{"line":49,"column":0},"end":{"line":49,"column":17}},"49":{"start":{"line":50,"column":0},"end":{"line":50,"column":32}},"50":{"start":{"line":51,"column":0},"end":{"line":51,"column":3}},"51":{"start":{"line":52,"column":0},"end":{"line":52,"column":1}}},"s":{"0":1,"1":1,"2":1,"3":1,"4":1,"5":1,"6":1,"7":1,"8":1,"9":1,"10":1,"11":1,"12":1,"13":1,"14":1,"15":1,"16":1,"17":1,"18":1,"19":1,"20":1,"21":1,"22":1,"23":1,"24":1,"25":1,"26":1,"27":1,"28":1,"29":1,"30":1,"31":1,"32":1,"33":1,"34":1,"35":1,"36":1,"37":1,"38":0,"39":0,"40":1,"41":1,"42":1,"43":1,"44":1,"45":1,"46":1,"47":1,"48":1,"49":1,"50":1,"51":1},"branchMap":{"0":{"type":"branch","line":17,"loc":{"start":{"line":17,"column":2},"end":{"line":23,"column":3}},"locations":[{"start":{"line":17,"column":2},"end":{"line":23,"column":3}}]},"1":{"type":"branch","line":25,"loc":{"start":{"line":25,"column":8},"end":{"line":46,"column":3}},"locations":[{"start":{"line":25,"column":8},"end":{"line":46,"column":3}}]},"2":{"type":"branch","line":43,"loc":{"start":{"line":43,"column":53},"end":{"line":45,"column":5}},"locations":[{"start":{"line":43,"column":53},"end":{"line":45,"column":5}}]},"3":{"type":"branch","line":49,"loc":{"start":{"line":49,"column":9},"end":{"line":51,"column":3}},"locations":[{"start":{"line":49,"column":9},"end":{"line":51,"column":3}}]},"4":{"type":"branch","line":50,"loc":{"start":{"line":50,"column":23},"end":{"line":50,"column":25}},"locations":[{"start":{"line":50,"column":23},"end":{"line":50,"column":25}}]}},"b":{"0":[1],"1":[1],"2":[1],"3":[1],"4":[0]},"fnMap":{"0":{"name":"Server","decl":{"start":{"line":17,"column":2},"end":{"line":23,"column":3}},"loc":{"start":{"line":17,"column":2},"end":{"line":23,"column":3}},"line":17},"1":{"name":"start","decl":{"start":{"line":25,"column":8},"end":{"line":46,"column":3}},"loc":{"start":{"line":25,"column":8},"end":{"line":46,"column":3}},"line":25},"2":{"name":"stop","decl":{"start":{"line":49,"column":9},"end":{"line":51,"column":3}},"loc":{"start":{"line":49,"column":9},"end":{"line":51,"column":3}},"line":49}},"f":{"0":1,"1":1,"2":1}}
,"/home/efren/Workspace/Courses/Nodejs/fernando_herrera/07-RestWeb/src/presentation/todos/controller.ts": {"path":"/home/efren/Workspace/Courses/Nodejs/fernando_herrera/07-RestWeb/src/presentation/todos/controller.ts","all":false,"statementMap":{"0":{"start":{"line":1,"column":0},"end":{"line":1,"column":44}},"1":{"start":{"line":2,"column":0},"end":{"line":2,"column":72}},"2":{"start":{"line":3,"column":0},"end":{"line":3,"column":72}},"3":{"start":{"line":4,"column":0},"end":{"line":4,"column":75}},"4":{"start":{"line":5,"column":0},"end":{"line":5,"column":0}},"5":{"start":{"line":6,"column":0},"end":{"line":6,"column":65}},"6":{"start":{"line":7,"column":0},"end":{"line":7,"column":63}},"7":{"start":{"line":8,"column":0},"end":{"line":8,"column":69}},"8":{"start":{"line":9,"column":0},"end":{"line":9,"column":69}},"9":{"start":{"line":10,"column":0},"end":{"line":10,"column":69}},"10":{"start":{"line":11,"column":0},"end":{"line":11,"column":59}},"11":{"start":{"line":12,"column":0},"end":{"line":12,"column":0}},"12":{"start":{"line":13,"column":0},"end":{"line":13,"column":13}},"13":{"start":{"line":14,"column":0},"end":{"line":14,"column":12}},"14":{"start":{"line":15,"column":0},"end":{"line":15,"column":14}},"15":{"start":{"line":16,"column":0},"end":{"line":16,"column":20}},"16":{"start":{"line":17,"column":0},"end":{"line":17,"column":17}},"17":{"start":{"line":18,"column":0},"end":{"line":18,"column":1}},"18":{"start":{"line":19,"column":0},"end":{"line":19,"column":0}},"19":{"start":{"line":20,"column":0},"end":{"line":20,"column":30}},"20":{"start":{"line":21,"column":0},"end":{"line":21,"column":14}},"21":{"start":{"line":22,"column":0},"end":{"line":22,"column":51}},"22":{"start":{"line":23,"column":0},"end":{"line":23,"column":6}},"23":{"start":{"line":24,"column":0},"end":{"line":24,"column":0}},"24":{"start":{"line":25,"column":0},"end":{"line":25,"column":66}},"25":{"start":{"line":26,"column":0},"end":{"line":26,"column":39}},"26":{"start":{"line":27,"column":0},"end":{"line":27,"column":65}},"27":{"start":{"line":28,"column":0},"end":{"line":28,"column":12}},"28":{"start":{"line":29,"column":0},"end":{"line":29,"column":5}},"29":{"start":{"line":30,"column":0},"end":{"line":30,"column":0}},"30":{"start":{"line":31,"column":0},"end":{"line":31,"column":77}},"31":{"start":{"line":32,"column":0},"end":{"line":32,"column":10}},"32":{"start":{"line":33,"column":0},"end":{"line":33,"column":3}},"33":{"start":{"line":34,"column":0},"end":{"line":34,"column":0}},"34":{"start":{"line":35,"column":0},"end":{"line":35,"column":60}},"35":{"start":{"line":36,"column":0},"end":{"line":36,"column":37}},"36":{"start":{"line":37,"column":0},"end":{"line":37,"column":14}},"37":{"start":{"line":38,"column":0},"end":{"line":38,"column":35}},"38":{"start":{"line":39,"column":0},"end":{"line":39,"column":49}},"39":{"start":{"line":40,"column":0},"end":{"line":40,"column":3}},"40":{"start":{"line":41,"column":0},"end":{"line":41,"column":0}},"41":{"start":{"line":42,"column":0},"end":{"line":42,"column":62}},"42":{"start":{"line":43,"column":0},"end":{"line":43,"column":30}},"43":{"start":{"line":44,"column":0},"end":{"line":44,"column":0}},"44":{"start":{"line":45,"column":0},"end":{"line":45,"column":36}},"45":{"start":{"line":46,"column":0},"end":{"line":46,"column":16}},"46":{"start":{"line":47,"column":0},"end":{"line":47,"column":33}},"47":{"start":{"line":48,"column":0},"end":{"line":48,"column":49}},"48":{"start":{"line":49,"column":0},"end":{"line":49,"column":3}},"49":{"start":{"line":50,"column":0},"end":{"line":50,"column":0}},"50":{"start":{"line":51,"column":0},"end":{"line":51,"column":62}},"51":{"start":{"line":52,"column":0},"end":{"line":52,"column":66}},"52":{"start":{"line":53,"column":0},"end":{"line":53,"column":4}},"53":{"start":{"line":54,"column":0},"end":{"line":54,"column":15}},"54":{"start":{"line":55,"column":0},"end":{"line":55,"column":37}},"55":{"start":{"line":56,"column":0},"end":{"line":56,"column":12}},"56":{"start":{"line":57,"column":0},"end":{"line":57,"column":9}},"57":{"start":{"line":58,"column":0},"end":{"line":58,"column":4}},"58":{"start":{"line":59,"column":0},"end":{"line":59,"column":39}},"59":{"start":{"line":60,"column":0},"end":{"line":60,"column":28}},"60":{"start":{"line":61,"column":0},"end":{"line":61,"column":45}},"61":{"start":{"line":62,"column":0},"end":{"line":62,"column":49}},"62":{"start":{"line":63,"column":0},"end":{"line":63,"column":3}},"63":{"start":{"line":64,"column":0},"end":{"line":64,"column":0}},"64":{"start":{"line":65,"column":0},"end":{"line":65,"column":66}},"65":{"start":{"line":66,"column":0},"end":{"line":66,"column":30}},"66":{"start":{"line":67,"column":0},"end":{"line":67,"column":0}},"67":{"start":{"line":68,"column":0},"end":{"line":68,"column":75}},"68":{"start":{"line":69,"column":0},"end":{"line":69,"column":0}},"69":{"start":{"line":70,"column":0},"end":{"line":70,"column":16}},"70":{"start":{"line":71,"column":0},"end":{"line":71,"column":37}},"71":{"start":{"line":72,"column":0},"end":{"line":72,"column":12}},"72":{"start":{"line":73,"column":0},"end":{"line":73,"column":5}},"73":{"start":{"line":74,"column":0},"end":{"line":74,"column":0}},"74":{"start":{"line":75,"column":0},"end":{"line":75,"column":39}},"75":{"start":{"line":76,"column":0},"end":{"line":76,"column":28}},"76":{"start":{"line":77,"column":0},"end":{"line":77,"column":33}},"77":{"start":{"line":78,"column":0},"end":{"line":78,"column":49}},"78":{"start":{"line":79,"column":0},"end":{"line":79,"column":0}},"79":{"start":{"line":80,"column":0},"end":{"line":80,"column":3}},"80":{"start":{"line":81,"column":0},"end":{"line":81,"column":0}},"81":{"start":{"line":82,"column":0},"end":{"line":82,"column":66}},"82":{"start":{"line":83,"column":0},"end":{"line":83,"column":30}},"83":{"start":{"line":84,"column":0},"end":{"line":84,"column":0}},"84":{"start":{"line":85,"column":0},"end":{"line":85,"column":39}},"85":{"start":{"line":86,"column":0},"end":{"line":86,"column":16}},"86":{"start":{"line":87,"column":0},"end":{"line":87,"column":33}},"87":{"start":{"line":88,"column":0},"end":{"line":88,"column":49}},"88":{"start":{"line":89,"column":0},"end":{"line":89,"column":3}},"89":{"start":{"line":90,"column":0},"end":{"line":90,"column":1}}},"s":{"0":1,"1":1,"2":1,"3":1,"4":1,"5":1,"6":1,"7":1,"8":1,"9":1,"10":1,"11":1,"12":1,"13":1,"14":1,"15":1,"16":1,"17":1,"18":1,"19":1,"20":1,"21":1,"22":1,"23":1,"24":1,"25":3,"26":3,"27":3,"28":3,"29":0,"30":0,"31":0,"32":0,"33":1,"34":1,"35":1,"36":1,"37":1,"38":1,"39":1,"40":1,"41":1,"42":2,"43":2,"44":2,"45":2,"46":2,"47":2,"48":2,"49":1,"50":1,"51":3,"52":3,"53":3,"54":2,"55":2,"56":3,"57":1,"58":1,"59":1,"60":1,"61":1,"62":1,"63":1,"64":1,"65":3,"66":3,"67":3,"68":3,"69":3,"70":0,"71":0,"72":0,"73":3,"74":3,"75":3,"76":3,"77":3,"78":3,"79":3,"80":1,"81":1,"82":2,"83":2,"84":2,"85":2,"86":2,"87":2,"88":2,"89":1},"branchMap":{"0":{"type":"branch","line":21,"loc":{"start":{"line":21,"column":2},"end":{"line":23,"column":6}},"locations":[{"start":{"line":21,"column":2},"end":{"line":23,"column":6}}]},"1":{"type":"branch","line":25,"loc":{"start":{"line":25,"column":24},"end":{"line":33,"column":3}},"locations":[{"start":{"line":25,"column":24},"end":{"line":33,"column":3}}]},"2":{"type":"branch","line":30,"loc":{"start":{"line":30,"column":-1},"end":{"line":33,"column":3}},"locations":[{"start":{"line":30,"column":-1},"end":{"line":33,"column":3}}]},"3":{"type":"branch","line":35,"loc":{"start":{"line":35,"column":20},"end":{"line":40,"column":3}},"locations":[{"start":{"line":35,"column":20},"end":{"line":40,"column":3}}]},"4":{"type":"branch","line":38,"loc":{"start":{"line":38,"column":10},"end":{"line":38,"column":34}},"locations":[{"start":{"line":38,"column":10},"end":{"line":38,"column":34}}]},"5":{"type":"branch","line":42,"loc":{"start":{"line":42,"column":22},"end":{"line":49,"column":3}},"locations":[{"start":{"line":42,"column":22},"end":{"line":49,"column":3}}]},"6":{"type":"branch","line":47,"loc":{"start":{"line":47,"column":10},"end":{"line":47,"column":32}},"locations":[{"start":{"line":47,"column":10},"end":{"line":47,"column":32}}]},"7":{"type":"branch","line":48,"loc":{"start":{"line":48,"column":11},"end":{"line":48,"column":48}},"locations":[{"start":{"line":48,"column":11},"end":{"line":48,"column":48}}]},"8":{"type":"branch","line":51,"loc":{"start":{"line":51,"column":22},"end":{"line":63,"column":3}},"locations":[{"start":{"line":51,"column":22},"end":{"line":63,"column":3}}]},"9":{"type":"branch","line":54,"loc":{"start":{"line":54,"column":14},"end":{"line":57,"column":5}},"locations":[{"start":{"line":54,"column":14},"end":{"line":57,"column":5}}]},"10":{"type":"branch","line":57,"loc":{"start":{"line":57,"column":5},"end":{"line":63,"column":3}},"locations":[{"start":{"line":57,"column":5},"end":{"line":63,"column":3}}]},"11":{"type":"branch","line":61,"loc":{"start":{"line":61,"column":10},"end":{"line":61,"column":44}},"locations":[{"start":{"line":61,"column":10},"end":{"line":61,"column":44}}]},"12":{"type":"branch","line":65,"loc":{"start":{"line":65,"column":26},"end":{"line":80,"column":3}},"locations":[{"start":{"line":65,"column":26},"end":{"line":80,"column":3}}]},"13":{"type":"branch","line":70,"loc":{"start":{"line":70,"column":15},"end":{"line":73,"column":5}},"locations":[{"start":{"line":70,"column":15},"end":{"line":73,"column":5}}]},"14":{"type":"branch","line":77,"loc":{"start":{"line":77,"column":10},"end":{"line":77,"column":32}},"locations":[{"start":{"line":77,"column":10},"end":{"line":77,"column":32}}]},"15":{"type":"branch","line":78,"loc":{"start":{"line":78,"column":11},"end":{"line":78,"column":48}},"locations":[{"start":{"line":78,"column":11},"end":{"line":78,"column":48}}]},"16":{"type":"branch","line":82,"loc":{"start":{"line":82,"column":26},"end":{"line":89,"column":3}},"locations":[{"start":{"line":82,"column":26},"end":{"line":89,"column":3}}]},"17":{"type":"branch","line":87,"loc":{"start":{"line":87,"column":10},"end":{"line":87,"column":32}},"locations":[{"start":{"line":87,"column":10},"end":{"line":87,"column":32}}]},"18":{"type":"branch","line":88,"loc":{"start":{"line":88,"column":11},"end":{"line":88,"column":48}},"locations":[{"start":{"line":88,"column":11},"end":{"line":88,"column":48}}]}},"b":{"0":[1],"1":[3],"2":[0],"3":[1],"4":[1],"5":[2],"6":[1],"7":[1],"8":[3],"9":[2],"10":[1],"11":[1],"12":[3],"13":[0],"14":[2],"15":[1],"16":[2],"17":[1],"18":[1]},"fnMap":{"0":{"name":"TodosController","decl":{"start":{"line":21,"column":2},"end":{"line":23,"column":6}},"loc":{"start":{"line":21,"column":2},"end":{"line":23,"column":6}},"line":21},"1":{"name":"TodosController.handleError","decl":{"start":{"line":25,"column":24},"end":{"line":33,"column":3}},"loc":{"start":{"line":25,"column":24},"end":{"line":33,"column":3}},"line":25},"2":{"name":"TodosController.getTodos","decl":{"start":{"line":35,"column":20},"end":{"line":40,"column":3}},"loc":{"start":{"line":35,"column":20},"end":{"line":40,"column":3}},"line":35},"3":{"name":"TodosController.getTodoById","decl":{"start":{"line":42,"column":22},"end":{"line":49,"column":3}},"loc":{"start":{"line":42,"column":22},"end":{"line":49,"column":3}},"line":42},"4":{"name":"TodosController.createTodo","decl":{"start":{"line":51,"column":22},"end":{"line":63,"column":3}},"loc":{"start":{"line":51,"column":22},"end":{"line":63,"column":3}},"line":51},"5":{"name":"TodosController.updateTodoById","decl":{"start":{"line":65,"column":26},"end":{"line":80,"column":3}},"loc":{"start":{"line":65,"column":26},"end":{"line":80,"column":3}},"line":65},"6":{"name":"TodosController.deleteTodoById","decl":{"start":{"line":82,"column":26},"end":{"line":89,"column":3}},"loc":{"start":{"line":82,"column":26},"end":{"line":89,"column":3}},"line":82}},"f":{"0":1,"1":3,"2":1,"3":2,"4":3,"5":3,"6":2}}
,"/home/efren/Workspace/Courses/Nodejs/fernando_herrera/07-RestWeb/tests/test-server.ts": {"path":"/home/efren/Workspace/Courses/Nodejs/fernando_herrera/07-RestWeb/tests/test-server.ts","all":false,"statementMap":{"0":{"start":{"line":1,"column":0},"end":{"line":1,"column":51}},"1":{"start":{"line":2,"column":0},"end":{"line":2,"column":51}},"2":{"start":{"line":3,"column":0},"end":{"line":3,"column":41}},"3":{"start":{"line":4,"column":0},"end":{"line":4,"column":0}},"4":{"start":{"line":5,"column":0},"end":{"line":5,"column":39}},"5":{"start":{"line":6,"column":0},"end":{"line":6,"column":18}},"6":{"start":{"line":7,"column":0},"end":{"line":7,"column":31}},"7":{"start":{"line":8,"column":0},"end":{"line":8,"column":23}},"8":{"start":{"line":9,"column":0},"end":{"line":9,"column":2}}},"s":{"0":1,"1":1,"2":1,"3":1,"4":1,"5":1,"6":1,"7":1,"8":1},"branchMap":{},"b":{},"fnMap":{},"f":{}}
}
